<?xml version="1.0" encoding="UTF-8"?>
<!-- Generated by org.testng.reporters.JUnitReportReporter -->
<testsuite hostname="MIIPL_ON_Rajendra_Mane" failures="0" tests="5" name="ESAF.Portal.TestCases.ESAF_Aggregator_Registration_TestCase" time="76.892" errors="0" timestamp="2025-04-02T16:38:40 IST" skipped="0">
  <testcase classname="ESAF.Portal.TestCases.ESAF_Aggregator_Registration_TestCase" name="Registration" time="32.246"/>
  <testcase classname="ESAF.Portal.TestCases.ESAF_Aggregator_Registration_TestCase" name="Document_Upload" time="5.765"/>
  <testcase classname="ESAF.Portal.TestCases.ESAF_Aggregator_Registration_TestCase" name="Verification" time="8.334"/>
  <testcase classname="ESAF.Portal.TestCases.ESAF_Aggregator_Registration_TestCase" name="Active_Aggregator" time="6.785"/>
  <testcase classname="ESAF.Portal.TestCases.ESAF_Aggregator_Registration_TestCase" name="Deactivated_Aggregator" time="23.762"/>
</testsuite> <!-- ESAF.Portal.TestCases.ESAF_Aggregator_Registration_TestCase -->
