<?xml version="1.0" encoding="UTF-8"?>
<!-- Generated by org.testng.reporters.JUnitReportReporter -->
<testsuite hostname="MIIPL_ON_Rajendra_Mane" failures="0" tests="4" name="ESAF.Portal.TestCases.ESAF_AdminManagementTestcases" time="68.983" errors="0" timestamp="2025-03-21T18:30:38 IST" skipped="0">
  <testcase classname="ESAF.Portal.TestCases.ESAF_AdminManagementTestcases" name="Add_Role_Verify_Role" time="6.652"/>
  <testcase classname="ESAF.Portal.TestCases.ESAF_AdminManagementTestcases" name="Manage_Permissions" time="27.289"/>
  <testcase classname="ESAF.Portal.TestCases.ESAF_AdminManagementTestcases" name="CreateUser" time="18.719"/>
  <testcase classname="ESAF.Portal.TestCases.ESAF_AdminManagementTestcases" name="Verify_Permission" time="16.323"/>
</testsuite> <!-- ESAF.Portal.TestCases.ESAF_AdminManagementTestcases -->
