<?xml version="1.0" encoding="UTF-8"?>
<!-- Generated by org.testng.reporters.JUnitReportReporter -->
<testsuite hostname="MIIPL_ON_Rajendra_Mane" failures="0" tests="6" name="ESAF.Portal.TestCases.ESAF_AgentReg_TestCase" time="145.009" errors="0" timestamp="2025-04-02T16:38:40 IST" skipped="0">
  <testcase classname="ESAF.Portal.TestCases.ESAF_AgentReg_TestCase" name="Agent_Registration" time="55.502"/>
  <testcase classname="ESAF.Portal.TestCases.ESAF_AgentReg_TestCase" name="documentUpload" time="9.617"/>
  <testcase classname="ESAF.Portal.TestCases.ESAF_AgentReg_TestCase" name="level1OneVerification" time="21.283"/>
  <testcase classname="ESAF.Portal.TestCases.ESAF_AgentReg_TestCase" name="level2Verification" time="20.283"/>
  <testcase classname="ESAF.Portal.TestCases.ESAF_AgentReg_TestCase" name="level3Verification" time="19.599"/>
  <testcase classname="ESAF.Portal.TestCases.ESAF_AgentReg_TestCase" name="level4Verification" time="18.725"/>
</testsuite> <!-- ESAF.Portal.TestCases.ESAF_AgentReg_TestCase -->
