<?xml version="1.0" encoding="UTF-8"?>
<!-- Generated by org.testng.reporters.JUnitReportReporter -->
<testsuite hostname="MIIPL_ON_Rajendra_Mane" failures="0" tests="5" name="ESAF.Portal.TestCases.ESAF_LoginTestCase" time="41.362" errors="0" timestamp="2024-12-13T19:00:05 IST" skipped="0">
  <testcase classname="ESAF.Portal.TestCases.ESAF_LoginTestCase" name="Check_InValid_Password" time="3.194"/>
  <system-out/>
  <testcase classname="ESAF.Portal.TestCases.ESAF_LoginTestCase" name="Check_Blank_Username" time="10.341"/>
  <system-out/>
  <testcase classname="ESAF.Portal.TestCases.ESAF_LoginTestCase" name="Check_Blank_Password" time="8.375"/>
  <system-out/>
  <testcase classname="ESAF.Portal.TestCases.ESAF_LoginTestCase" name="Check_InValid_User_Name" time="8.925"/>
  <system-out/>
  <testcase classname="ESAF.Portal.TestCases.ESAF_LoginTestCase" name="Check_Valid_Credentials" time="10.527"/>
  <system-out/>
</testsuite> <!-- ESAF.Portal.TestCases.ESAF_LoginTestCase -->
