<?xml version="1.0" encoding="UTF-8"?>
<!-- Generated by org.testng.reporters.JUnitReportReporter -->
<testsuite hostname="MIIPL_ON_Rajendra_Mane" failures="0" tests="1" name="ESAF.Portal.TestCases.ESAF_LoginTestCase" time="27.403" errors="0" timestamp="2024-12-09T18:52:31 IST" skipped="0">
  <testcase classname="ESAF.Portal.TestCases.ESAF_LoginTestCase" name="Check_Valid_Credentials" time="27.403"/>
  <system-out/>
</testsuite> <!-- ESAF.Portal.TestCases.ESAF_LoginTestCase -->
