<?xml version="1.0" encoding="UTF-8"?>
<!-- Generated by org.testng.reporters.JUnitReportReporter -->
<testsuite hostname="MIIPL_ON_Rajendra_Mane" failures="0" tests="4" name="ESAF.Portal.TestCases.ESAF_Comm_MagTestcase" time="73.785" errors="0" timestamp="2025-03-27T15:03:56 IST" skipped="0">
  <testcase classname="ESAF.Portal.TestCases.ESAF_Comm_MagTestcase" name="BC_Commision" time="12.551"/>
  <testcase classname="ESAF.Portal.TestCases.ESAF_Comm_MagTestcase" name="AgentCommission_Page" time="8.483"/>
  <testcase classname="ESAF.Portal.TestCases.ESAF_Comm_MagTestcase" name="CommissionVerification_Page" time="27.085"/>
  <testcase classname="ESAF.Portal.TestCases.ESAF_Comm_MagTestcase" name="Commision_Status" time="25.666"/>
</testsuite> <!-- ESAF.Portal.TestCases.ESAF_Comm_MagTestcase -->
