<?xml version="1.0" encoding="UTF-8"?>
<!-- Generated by org.testng.reporters.JUnitReportReporter -->
<testsuite hostname="MIIPL_ON_Rajendra_Mane" failures="0" tests="1" name="ESAF.Portal.TestCases.ESAF_Agent_ManagementTestCase" time="37.223" errors="0" timestamp="2024-12-13T18:58:16 IST" skipped="0">
  <testcase classname="ESAF.Portal.TestCases.ESAF_Agent_ManagementTestCase" name="Agent" time="37.223"/>
  <system-out/>
</testsuite> <!-- ESAF.Portal.TestCases.ESAF_Agent_ManagementTestCase -->
