<?xml version="1.0" encoding="UTF-8"?>
<!-- Generated by org.testng.reporters.JUnitReportReporter -->
<testsuite hostname="MIIPL_ON_Rajendra_Mane" failures="0" tests="7" name="ESAF.Portal.TestCases.ESAF_CorporateBC_Testcase" time="86.737" errors="0" timestamp="2025-04-02T16:38:40 IST" skipped="0">
  <testcase classname="ESAF.Portal.TestCases.ESAF_CorporateBC_Testcase" name="Cbc_Registration" time="21.325"/>
  <testcase classname="ESAF.Portal.TestCases.ESAF_CorporateBC_Testcase" name="Cbc_DocsUpload" time="9.107"/>
  <testcase classname="ESAF.Portal.TestCases.ESAF_CorporateBC_Testcase" name="Cbc_Verification" time="12.883"/>
  <testcase classname="ESAF.Portal.TestCases.ESAF_CorporateBC_Testcase" name="Cbc_ActiveCorporateBc" time="14.637"/>
  <testcase classname="ESAF.Portal.TestCases.ESAF_CorporateBC_Testcase" name="Bc_DeActivationTest" time="22.123"/>
  <testcase classname="ESAF.Portal.TestCases.ESAF_CorporateBC_Testcase" name="Bc_TERMINATED_ListTest" time="3.430"/>
  <testcase classname="ESAF.Portal.TestCases.ESAF_CorporateBC_Testcase" name="Bc_Status_Test" time="3.232"/>
</testsuite> <!-- ESAF.Portal.TestCases.ESAF_CorporateBC_Testcase -->
