<?xml version="1.0" encoding="UTF-8"?>
<!-- Generated by org.testng.reporters.JUnitReportReporter -->
<testsuite hostname="MIIPL_ON_Rajendra_Mane" failures="0" tests="1" name="ESAF.Portal.TestCases.ESAF_Agent_ManagementTestCase" time="33.503" errors="0" timestamp="2024-12-12T15:16:59 IST" skipped="0">
  <testcase classname="ESAF.Portal.TestCases.ESAF_Agent_ManagementTestCase" name="Agent" time="33.503"/>
  <system-out/>
</testsuite> <!-- ESAF.Portal.TestCases.ESAF_Agent_ManagementTestCase -->
